<?xml version="1.0" encoding="UTF-8"?>
<testsuite name="MainAssingment" tests="1" skipped="0" failures="0" errors="0" timestamp="2021-04-28T06:34:11" hostname="DESKTOP-TS82Q8D" time="22.243">
  <properties/>
  <testcase name="editForm" classname="MainAssingment" time="22.243"/>
  <system-out><![CDATA[Inspiration
Find Work
Learn Design
Go Pro
Hire Designers
Upload
Profile updated successfully
Go Pro
Add power features for just $5/month
yossra_test / Edit Profile
Set up your Dribbble presence and hiring needs
Edit Profile
Public Profile
Account Settings
Password
Social Profiles
Email Notifications
Sessions
Applications
Data Export
Upload new picture
Name
We’re big on real names around here, so people know who’s who.
Location
Bio
1003
hello from budaffside
Brief description for your profile. URLs are hyperlinked.
ONLINE PRESENCE
Personal website
Your home page, blog, or company site.
Portfolio URL
Only shared with potential employers.
Portfolio password
Only if needed.
Dribbble is the world’s leading community for creatives to share, grow, and get hired.
Twitter icon
Facebook icon
Pinterest icon
For designers
Go Pro!
Explore design work
Design blog
Overtime podcast
Dribbble meetups
Playoffs
Weekly Warm-Up
Code of conduct
Hire designers
Post a job opening
Post a freelance project
Search for designers
Brands
Advertise with us
Company
About
Careers
Support
Media kit
Testimonials
API
Terms of service
Privacy policy
Directories
Design jobs
Designers for hire
Tags
Places
Design assets
Shop Creative Market
© 2021 Dribbble. All rights reserved.
15,558,116 shots dribbbled
]]></system-out>
  <system-err><![CDATA[SLF4J: Failed to load class "org.slf4j.impl.StaticLoggerBinder".
SLF4J: Defaulting to no-operation (NOP) logger implementation
SLF4J: See http://www.slf4j.org/codes.html#StaticLoggerBinder for further details.
Starting ChromeDriver 89.0.4389.23 (61b08ee2c50024bab004e48d2b1b083cdbdac579-refs/branch-heads/4389@{#294}) on port 45260
Only local connections are allowed.
Please see https://chromedriver.chromium.org/security-considerations for suggestions on keeping ChromeDriver safe.
ChromeDriver was started successfully.
]]></system-err>
</testsuite>
